C:\Program Files (x86)\Microsoft Visual Studio\2019\Enterprise\MSBuild\Microsoft\VC\v160\Microsoft.CppBuild.targets(452,5): warning MSB8028: The intermediate directory (x64\Release\) contains files shared from another project (ProjectEndGame.vcxproj).  This can lead to incorrect clean and rebuild behavior.
  theMain.cpp
C:\Program Files (x86)\Windows Kits\10\Include\10.0.17763.0\shared\minwindef.h(130,1): warning C4005: 'APIENTRY': macro redefinition
D:\School - GDP\Semester 2\Artificial Intellegence\Graphics Project\ProjectEndGame\include\glad\glad.h(32): message : see previous definition of 'APIENTRY'
D:\School - GDP\Semester 2\Artificial Intellegence\Graphics Project\ProjectEndGame\theMain.cpp(1527,36): warning C4244: '+=': conversion from 'double' to 'T', possible loss of data
D:\School - GDP\Semester 2\Artificial Intellegence\Graphics Project\ProjectEndGame\theMain.cpp(1527,36): warning C4244:         with
D:\School - GDP\Semester 2\Artificial Intellegence\Graphics Project\ProjectEndGame\theMain.cpp(1527,36): warning C4244:         [
D:\School - GDP\Semester 2\Artificial Intellegence\Graphics Project\ProjectEndGame\theMain.cpp(1527,36): warning C4244:             T=float
D:\School - GDP\Semester 2\Artificial Intellegence\Graphics Project\ProjectEndGame\theMain.cpp(1527,36): warning C4244:         ]
D:\School - GDP\Semester 2\Artificial Intellegence\Graphics Project\ProjectEndGame\theMain.cpp(1528,38): warning C4244: '+=': conversion from 'double' to 'T', possible loss of data
D:\School - GDP\Semester 2\Artificial Intellegence\Graphics Project\ProjectEndGame\theMain.cpp(1528,38): warning C4244:         with
D:\School - GDP\Semester 2\Artificial Intellegence\Graphics Project\ProjectEndGame\theMain.cpp(1528,38): warning C4244:         [
D:\School - GDP\Semester 2\Artificial Intellegence\Graphics Project\ProjectEndGame\theMain.cpp(1528,38): warning C4244:             T=float
D:\School - GDP\Semester 2\Artificial Intellegence\Graphics Project\ProjectEndGame\theMain.cpp(1528,38): warning C4244:         ]
D:\School - GDP\Semester 2\Artificial Intellegence\Graphics Project\ProjectEndGame\theMain.cpp(1743,22): warning C4244: 'argument': conversion from 'double' to 'float', possible loss of data
D:\School - GDP\Semester 2\Artificial Intellegence\Graphics Project\ProjectEndGame\theMain.cpp(1842,64): warning C4390: ';': empty controlled statement found; is this the intent?
  Generating code
  1 of 2167 functions (<0.1%) were compiled, the rest were copied from previous compilation.
    0 functions were new in current compilation
    3 functions had inline decision re-evaluated but remain unchanged
  Finished generating code
  ProjectEndGame.vcxproj -> D:\School - GDP\Semester 2\Artificial Intellegence\Graphics Project\x64\Release\AIProject1.exe
